<?xml version="1.0" encoding="UTF-8"?>
<!-- Generated by org.testng.reporters.JUnitReportReporter -->
<testsuite hostname="DESKTOP-5DOJ86B" failures="0" tests="1" name="SeleniumPrepare.checkBoxes" time="5.244" errors="0" timestamp="2023-02-07T22:51:23 IST" skipped="0">
  <testcase classname="SeleniumPrepare.checkBoxes" name="check" time="5.244"/>
  <system-out/>
</testsuite> <!-- SeleniumPrepare.checkBoxes -->
