<?xml version="1.0" encoding="UTF-8"?>
<!-- Generated by org.testng.reporters.JUnitReportReporter -->
<testsuite hostname="DESKTOP-5DOJ86B" failures="0" tests="1" name="SeleniumPrepare.LinksOpeningInNewTab" time="2.734" errors="0" timestamp="2023-02-07T23:14:01 IST" skipped="0">
  <testcase classname="SeleniumPrepare.LinksOpeningInNewTab" name="link" time="2.734"/>
  <system-out/>
</testsuite> <!-- SeleniumPrepare.LinksOpeningInNewTab -->
