<?xml version="1.0" encoding="UTF-8"?>
<!-- Generated by org.testng.reporters.JUnitReportReporter -->
<testsuite hostname="DESKTOP-5DOJ86B" failures="0" tests="1" name="SeleniumPrepare.Tables" time="2.444" errors="0" timestamp="2023-02-07T23:05:15 IST" skipped="0">
  <testcase classname="SeleniumPrepare.Tables" name="table" time="2.444"/>
  <system-out/>
</testsuite> <!-- SeleniumPrepare.Tables -->
