<?xml version="1.0" encoding="UTF-8"?>
<!-- Generated by org.testng.reporters.JUnitReportReporter -->
<testsuite hostname="DESKTOP-5DOJ86B" failures="0" tests="1" name="SeleniumPrepare.DropDownSelection" time="8.463" errors="0" timestamp="2023-02-07T22:42:20 IST" skipped="0">
  <testcase classname="SeleniumPrepare.DropDownSelection" name="drop" time="8.463"/>
  <system-out/>
</testsuite> <!-- SeleniumPrepare.DropDownSelection -->
