<?xml version="1.0" encoding="UTF-8"?>
<!-- Generated by org.testng.reporters.JUnitReportReporter -->
<testsuite skipped="0" hostname="DESKTOP-5DOJ86B" name="SeleniumPrepare.DropDownSelection" tests="1" failures="0" timestamp="8 Feb 2023 11:44:21 GMT" time="10.048" errors="0">
  <testcase name="drop" time="10.048" classname="SeleniumPrepare.DropDownSelection"/>
</testsuite> <!-- SeleniumPrepare.DropDownSelection -->
